<?xml version="1.0" encoding="UTF-8"?>
<testng-results ignored="2" total="4" passed="2" failed="0" skipped="0">
  <reporter-output>
  </reporter-output>
  <suite started-at="2023-05-30T13:57:13 IST" name="Suite" finished-at="2023-05-30T13:57:13 IST" duration-ms="91">
    <groups>
    </groups>
    <test started-at="2023-05-30T13:57:13 IST" name="Test" finished-at="2023-05-30T13:57:13 IST" duration-ms="91">
      <class name="testNg.ToverifyCustomer">
        <test-method is-config="true" signature="bc()[pri:0, instance:testNg.ToverifyCustomer@63355449]" started-at="2023-05-30T13:57:13 IST" name="bc" finished-at="2023-05-30T13:57:13 IST" duration-ms="1" status="PASS">
          <reporter-output>
          </reporter-output>
        </test-method> <!-- bc -->
        <test-method is-config="true" signature="bm()[pri:0, instance:testNg.ToverifyCustomer@63355449]" started-at="2023-05-30T13:57:13 IST" name="bm" finished-at="2023-05-30T13:57:13 IST" duration-ms="1" status="PASS">
          <reporter-output>
          </reporter-output>
        </test-method> <!-- bm -->
        <test-method signature="demo2()[pri:0, instance:testNg.ToverifyCustomer@63355449]" started-at="2023-05-30T13:57:13 IST" name="demo2" finished-at="2023-05-30T13:57:13 IST" duration-ms="3" status="PASS">
          <reporter-output>
          </reporter-output>
        </test-method> <!-- demo2 -->
        <test-method is-config="true" signature="am()[pri:0, instance:testNg.ToverifyCustomer@63355449]" started-at="2023-05-30T13:57:13 IST" name="am" finished-at="2023-05-30T13:57:13 IST" duration-ms="1" status="PASS">
          <reporter-output>
          </reporter-output>
        </test-method> <!-- am -->
        <test-method is-config="true" signature="Ac()[pri:0, instance:testNg.ToverifyCustomer@63355449]" started-at="2023-05-30T13:57:13 IST" name="Ac" finished-at="2023-05-30T13:57:13 IST" duration-ms="1" status="PASS">
          <reporter-output>
          </reporter-output>
        </test-method> <!-- Ac -->
      </class> <!-- testNg.ToverifyCustomer -->
      <class name="testNg.ToverifyHomePage">
        <test-method is-config="true" signature="bs()[pri:0, instance:testNg.ToverifyHomePage@57c758ac]" started-at="2023-05-30T13:57:13 IST" name="bs" finished-at="2023-05-30T13:57:13 IST" duration-ms="9" status="PASS">
          <reporter-output>
          </reporter-output>
        </test-method> <!-- bs -->
        <test-method is-config="true" signature="bc()[pri:0, instance:testNg.ToverifyHomePage@57c758ac]" started-at="2023-05-30T13:57:13 IST" name="bc" finished-at="2023-05-30T13:57:13 IST" duration-ms="0" status="PASS">
          <reporter-output>
          </reporter-output>
        </test-method> <!-- bc -->
        <test-method is-config="true" signature="bm()[pri:0, instance:testNg.ToverifyHomePage@57c758ac]" started-at="2023-05-30T13:57:13 IST" name="bm" finished-at="2023-05-30T13:57:13 IST" duration-ms="1" status="PASS">
          <reporter-output>
          </reporter-output>
        </test-method> <!-- bm -->
        <test-method signature="demo()[pri:0, instance:testNg.ToverifyHomePage@57c758ac]" started-at="2023-05-30T13:57:13 IST" name="demo" finished-at="2023-05-30T13:57:13 IST" duration-ms="8" status="PASS">
          <reporter-output>
          </reporter-output>
        </test-method> <!-- demo -->
        <test-method is-config="true" signature="am()[pri:0, instance:testNg.ToverifyHomePage@57c758ac]" started-at="2023-05-30T13:57:13 IST" name="am" finished-at="2023-05-30T13:57:13 IST" duration-ms="0" status="PASS">
          <reporter-output>
          </reporter-output>
        </test-method> <!-- am -->
        <test-method is-config="true" signature="Ac()[pri:0, instance:testNg.ToverifyHomePage@57c758ac]" started-at="2023-05-30T13:57:13 IST" name="Ac" finished-at="2023-05-30T13:57:13 IST" duration-ms="0" status="PASS">
          <reporter-output>
          </reporter-output>
        </test-method> <!-- Ac -->
        <test-method is-config="true" signature="As()[pri:0, instance:testNg.ToverifyHomePage@57c758ac]" started-at="2023-05-30T13:57:14 IST" name="As" finished-at="2023-05-30T13:57:14 IST" duration-ms="1" status="PASS">
          <reporter-output>
          </reporter-output>
        </test-method> <!-- As -->
      </class> <!-- testNg.ToverifyHomePage -->
    </test> <!-- Test -->
  </suite> <!-- Suite -->
</testng-results>
