<?xml version="1.0" encoding="UTF-8"?>
<!-- Generated by org.testng.reporters.JUnitXMLReporter -->
<testsuite ignored="2" hostname="Katariyar" failures="0" tests="2" name="Test" time="0.091" errors="0" timestamp="2023-05-30T13:57:13 IST">
  <testcase classname="testNg.ToverifyHomePage" name="demo" time="0.008"/>
  <testcase classname="testNg.ToverifyCustomer" name="demo2" time="0.003"/>
  <testcase classname="testNg.BaseClass" name="@BeforeSuite bs" time="0.0">
    <ignored/>
  </testcase> <!-- @BeforeSuite bs -->
  <testcase classname="testNg.BaseClass" name="@AfterSuite As" time="0.0">
    <ignored/>
  </testcase> <!-- @AfterSuite As -->
</testsuite> <!-- Test -->
